Compilación iniciada a las 26/10/2015 20:19:46.
     1>Proyecto "C:\Users\geco\Documents\Visual Studio 2013\Projects\MNCPractica7\Tarea1-MiGPU\Tarea1-MiGPU.vcxproj" en el nodo 2 (Build destinos).
     1>AddCudaCompileDeps:
         C:\Program Files (x86)\Microsoft Visual Studio 12.0\VC\bin\cl.exe /E /nologo /showIncludes /TP /D__CUDACC__ /DWIN32 /DNDEBUG /D_CONSOLE /D_MBCS /I"C:\Program Files\NVIDIA GPU Computing Toolkit\CUDA\v7.5\include" /I"C:\Program Files\NVIDIA GPU Computing Toolkit\CUDA\v7.5\bin" /I"C:\Program Files\NVIDIA GPU Computing Toolkit\CUDA\v7.5\include" /I. /FIcuda_runtime.h /c "C:\Users\geco\Documents\Visual Studio 2013\Projects\MNCPractica7\Tarea1-MiGPU\DevicProperties.cpp" 
       CudaBuild:
         Compiling CUDA source file DevicProperties.cpp...
         cmd.exe /C "C:\Users\geco\AppData\Local\Temp\tmp3252f79616ab44c99f6e05dad3e33b9a.cmd"
         "C:\Program Files\NVIDIA GPU Computing Toolkit\CUDA\v7.5\bin\nvcc.exe" -gencode=arch=compute_20,code=\"sm_20,compute_20\" --use-local-env --cl-version 2013 -ccbin "C:\Program Files (x86)\Microsoft Visual Studio 12.0\VC\bin"  -I"C:\Program Files\NVIDIA GPU Computing Toolkit\CUDA\v7.5\include" -I"C:\Program Files\NVIDIA GPU Computing Toolkit\CUDA\v7.5\include"     --keep-dir Release -maxrregcount=0  --machine 32 --compile -cudart static     -DWIN32 -DNDEBUG -D_CONSOLE -D_MBCS -Xcompiler "/EHsc /W3 /nologo /O2 /Zi  /MD " -o Release\DevicProperties.cpp.obj "C:\Users\geco\Documents\Visual Studio 2013\Projects\MNCPractica7\Tarea1-MiGPU\DevicProperties.cpp"
         
         C:\Users\geco\Documents\Visual Studio 2013\Projects\MNCPractica7\Tarea1-MiGPU>"C:\Program Files\NVIDIA GPU Computing Toolkit\CUDA\v7.5\bin\nvcc.exe" -gencode=arch=compute_20,code=\"sm_20,compute_20\" --use-local-env --cl-version 2013 -ccbin "C:\Program Files (x86)\Microsoft Visual Studio 12.0\VC\bin"  -I"C:\Program Files\NVIDIA GPU Computing Toolkit\CUDA\v7.5\include" -I"C:\Program Files\NVIDIA GPU Computing Toolkit\CUDA\v7.5\include"     --keep-dir Release -maxrregcount=0  --machine 32 --compile -cudart static     -DWIN32 -DNDEBUG -D_CONSOLE -D_MBCS -Xcompiler "/EHsc /W3 /nologo /O2 /Zi  /MD " -o Release\DevicProperties.cpp.obj "C:\Users\geco\Documents\Visual Studio 2013\Projects\MNCPractica7\Tarea1-MiGPU\DevicProperties.cpp" 
         DevicProperties.cpp
       Link:
         C:\Program Files (x86)\Microsoft Visual Studio 12.0\VC\bin\link.exe /ERRORREPORT:PROMPT /OUT:"C:\Users\geco\Documents\Visual Studio 2013\Projects\MNCPractica7\Release\Tarea1-MiGPU.exe" /NOLOGO /LIBPATH:"C:\Program Files\NVIDIA GPU Computing Toolkit\CUDA\v7.5\lib\Win32" cudart.lib kernel32.lib user32.lib gdi32.lib winspool.lib comdlg32.lib advapi32.lib shell32.lib ole32.lib oleaut32.lib uuid.lib odbc32.lib odbccp32.lib kernel32.lib user32.lib gdi32.lib winspool.lib comdlg32.lib advapi32.lib shell32.lib ole32.lib oleaut32.lib uuid.lib odbc32.lib odbccp32.lib /MANIFEST /MANIFESTUAC:"level='asInvoker' uiAccess='false'" /manifest:embed /DEBUG /PDB:"C:\Users\geco\Documents\Visual Studio 2013\Projects\MNCPractica7\Release\Tarea1-MiGPU.pdb" /SUBSYSTEM:CONSOLE /OPT:REF /OPT:ICF /LTCG /TLBID:1 /DYNAMICBASE /NXCOMPAT /IMPLIB:"C:\Users\geco\Documents\Visual Studio 2013\Projects\MNCPractica7\Release\Tarea1-MiGPU.lib" /MACHINE:X86 /SAFESEH Release\DevicProperties.cpp.obj
         Release\printDeviceProperties.obj
         Generando código
         Generación de código finalizada
         Tarea1-MiGPU.vcxproj -> C:\Users\geco\Documents\Visual Studio 2013\Projects\MNCPractica7\Release\Tarea1-MiGPU.exe
       PostBuildEvent:
         echo copy "C:\Program Files\NVIDIA GPU Computing Toolkit\CUDA\v7.5\bin\cudart*.dll" "C:\Users\geco\Documents\Visual Studio 2013\Projects\MNCPractica7\Release\"
         copy "C:\Program Files\NVIDIA GPU Computing Toolkit\CUDA\v7.5\bin\cudart*.dll" "C:\Users\geco\Documents\Visual Studio 2013\Projects\MNCPractica7\Release\"
         :VCEnd
         copy "C:\Program Files\NVIDIA GPU Computing Toolkit\CUDA\v7.5\bin\cudart*.dll" "C:\Users\geco\Documents\Visual Studio 2013\Projects\MNCPractica7\Release\"
         C:\Program Files\NVIDIA GPU Computing Toolkit\CUDA\v7.5\bin\cudart32_75.dll
         C:\Program Files\NVIDIA GPU Computing Toolkit\CUDA\v7.5\bin\cudart64_75.dll
                 2 archivo(s) copiado(s).
     1>Compilación del proyecto terminada "C:\Users\geco\Documents\Visual Studio 2013\Projects\MNCPractica7\Tarea1-MiGPU\Tarea1-MiGPU.vcxproj" (Build destinos).

Compilación correcta.

Tiempo transcurrido 00:00:02.60
